<?xml version="1.0" encoding="UTF-8"?>
<testng-results ignored="0" total="1" passed="1" failed="0" skipped="0">
  <reporter-output>
  </reporter-output>
  <suite started-at="2025-12-03T17:56:38 IST" name="Suite" finished-at="2025-12-03T17:56:38 IST" duration-ms="58">
    <groups>
    </groups>
    <test started-at="2025-12-03T17:56:38 IST" name="Test" finished-at="2025-12-03T17:56:38 IST" duration-ms="58">
      <class name="pac2.OrgTest">
        <test-method signature="modifyOrgTest()[pri:0, instance:pac2.OrgTest@661972b0]" started-at="2025-12-03T17:56:38 IST" name="modifyOrgTest" finished-at="2025-12-03T17:56:38 IST" duration-ms="9" status="PASS">
          <reporter-output>
          </reporter-output>
        </test-method> <!-- modifyOrgTest -->
      </class> <!-- pac2.OrgTest -->
    </test> <!-- Test -->
  </suite> <!-- Suite -->
</testng-results>
